L 0,8 243 miss
L 384,8 243 miss
L 100,6 243 miss
L 0,8 13 hit
S 180,5 13 miss eviction
L 100,2 13 hit
L 80,8 243 miss eviction
M 180,6 26 hit hit
L 2831,8 243 miss
S 100,5 13 hit
S 180,8 13 hit
L 80,8 13 hit
M 0,8 256 miss eviction hit
M 0,4 26 hit hit
L 280,4 243 miss eviction
M 80,8 26 hit hit
L 0,8 13 hit
L 384,8 243 miss eviction
L 100,6 243 miss eviction
L 0,8 13 hit
S 180,5 13 miss eviction
L 100,2 13 hit
L 80,8 243 miss eviction
M 180,6 26 hit hit
L 2831,8 13 hit
S 100,5 13 hit
S 180,8 13 hit
L 80,8 13 hit
M 0,8 256 miss eviction hit
M 0,4 26 hit hit
L 280,4 243 miss eviction
M 80,8 26 hit hit
L 0,8 13 hit
L 384,8 243 miss eviction
L 100,6 243 miss eviction
L 0,8 13 hit
S 180,5 13 miss eviction
L 100,2 13 hit
L 80,8 243 miss eviction
M 180,6 26 hit hit
L 2831,8 13 hit
S 100,5 13 hit
S 180,8 13 hit
L 80,8 13 hit
M 0,8 256 miss eviction hit
M 0,4 26 hit hit
L 280,4 243 miss eviction
M 80,8 26 hit hit
Hits: 40 Misses: 20 Evictions: 16
Cycles: 4690
